<?xml version="1.0" encoding="UTF-8"?>
<!-- Generated by org.testng.reporters.JUnitReportReporter -->
<testsuite skipped="0" hostname="LAPTOP-PKOJ9DQN" name="com.test.testcases.WeatherRangeTest" tests="3" failures="0" timestamp="27 Aug 2020 07:22:20 GMT" time="21.636" errors="0">
  <testcase name="openWeather" time="17.677" classname="com.test.testcases.WeatherRangeTest"/>
  <testcase name="verifyWeatherPage" time="0.227" classname="com.test.testcases.WeatherRangeTest"/>
  <testcase name="locateCity" time="3.732" classname="com.test.testcases.WeatherRangeTest"/>
</testsuite> <!-- com.test.testcases.WeatherRangeTest -->
