<?xml version="1.0" encoding="UTF-8"?>
<!-- Generated by org.testng.reporters.JUnitReportReporter -->
<testsuite skipped="0" hostname="LAPTOP-PKOJ9DQN" name="com.test.testcases.TC01" tests="3" failures="0" timestamp="25 Aug 2020 13:05:19 GMT" time="17.601" errors="0">
  <testcase name="openWeather" time="16.676" classname="com.test.testcases.TC01"/>
  <testcase name="verifyWeatherPage" time="0.058" classname="com.test.testcases.TC01"/>
  <testcase name="locateCity" time="0.867" classname="com.test.testcases.TC01"/>
</testsuite> <!-- com.test.testcases.TC01 -->
