<?xml version="1.0" encoding="UTF-8"?>
<!-- Generated by org.testng.reporters.JUnitReportReporter -->
<testsuite skipped="0" hostname="LAPTOP-PKOJ9DQN" name="com.test.testcases.WeatherRangeTest" tests="3" failures="0" timestamp="02 Sep 2020 11:49:09 GMT" time="19.506" errors="0">
  <testcase name="openWeather" time="16.327" classname="com.test.testcases.WeatherRangeTest"/>
  <testcase name="verifyWeatherPage" time="0.081" classname="com.test.testcases.WeatherRangeTest"/>
  <testcase name="locateCity" time="3.098" classname="com.test.testcases.WeatherRangeTest"/>
</testsuite> <!-- com.test.testcases.WeatherRangeTest -->
